2021-10-22_13:54=======================================================
2021-10-22_13:55-Server iniciado
2021-10-22_13:55=======================================================
2021-10-22_13:55-Socket creado, puerto de escucha:5000
2021-10-22_13:56=======================================================
2021-10-22_13:56-Cliente conectado. ID:3
2021-10-22_14:8=======================================================
2021-10-22_14:8-Cliente desconectado. ID:3
2021-10-22_15:22=======================================================
2021-10-22_15:22-Cliente conectado. ID:42021-10-22_15:57=======================================================
2021-10-22_15:57-Server iniciado
2021-10-22_15:57=======================================================
2021-10-22_15:57-Socket creado, puerto de escucha:5000
2021-10-22_15:57=======================================================
2021-10-22_15:57-Cliente conectado. ID:4
2021-10-22_16:6=======================================================
2021-10-22_16:6-Cliente desconectado. ID:4
2021-10-22_16:7=======================================================
2021-10-22_16:7-Cliente conectado. ID:4
2021-10-22_16:8=======================================================
2021-10-22_16:8-Cliente desconectado. ID:4
2021-10-22_17:18=======================================================
2021-10-22_17:18-Server iniciado
2021-10-22_17:19=======================================================
2021-10-22_17:19-Socket creado, puerto de escucha:5010
2021-10-22_17:19=======================================================
2021-10-22_17:19-Cliente conectado. ID:5
2021-10-22_17:20=======================================================
2021-10-22_17:20-Cliente desconectado. ID:5
2021-10-22_17:22=======================================================
2021-10-22_17:22-Socket creado, puerto de escucha:5010
2021-10-22_17:22=======================================================
2021-10-22_17:22-Cliente conectado. ID:3
2021-10-22_17:30=======================================================
2021-10-22_17:30-Server iniciado
2021-10-22_17:30=======================================================
2021-10-22_17:30-Socket creado, puerto de escucha:5010
2021-10-22_17:30=======================================================
2021-10-22_17:30-Cliente conectado. ID:3
2021-10-22_17:31=======================================================
2021-10-22_17:31-Cliente desconectado. ID:3
