2021-10-22_13:56=======================================================
2021-10-22_13:56====================Inicio Sesion=====================
2021-10-22_13:58=======================================================
2021-10-22_13:58====================TipoMedicamento:1- ALTA=====================
2021-10-22_13:59=======================================================
2021-10-22_13:59====================TipoMedicamento:2- ALTA=====================
2021-10-22_13:59=======================================================
2021-10-22_13:59====================TipoMedicamento:3- ALTA=====================
2021-10-22_14:0=======================================================
2021-10-22_14:0====================TipoMedicamento:4- ALTA=====================
2021-10-22_14:0=======================================================
2021-10-22_14:0====================TipoMedicamento:5- ALTA=====================
2021-10-22_14:0=======================================================
2021-10-22_14:0====================TipoMedicamento:6- ALTA=====================
2021-10-22_14:1=======================================================
2021-10-22_14:1====================TipoMedicamento:7- ALTA=====================
2021-10-22_14:2=======================================================
2021-10-22_14:2====================TipoMedicamento:1- Modificacion=====================
2021-10-22_14:3=======================================================
2021-10-22_14:3====================TipoMedicamento:1- Modificacion=====================
2021-10-22_14:4=======================================================
2021-10-22_14:4====================TipoMedicamento:1- Modificacion=====================
2021-10-22_14:5=======================================================
2021-10-22_14:5====================TipoMedicamento:3- Modificacion=====================
2021-10-22_14:5=======================================================
2021-10-22_14:5====================TipoMedicamento:3- BAJA=====================
2021-10-22_14:8=======================================================
2021-10-22_14:8====================Cierre Sesion=====================

2021-10-22_17:30=======================================================
2021-10-22_17:30====================Inicio Sesion=====================
2021-10-22_17:31=======================================================
2021-10-22_17:31====================Cierre Sesion=====================
