2021-10-22_15:22=======================================================
2021-10-22_15:22====================Inicio Sesion=====================
2021-10-22_15:23=======================================================
2021-10-22_15:23====================TipoMedicamento:3- Modificacion=====================
2021-10-22_15:24=======================================================
2021-10-22_15:24====================Medicamento:1- ALTA=====================
2021-10-22_15:25=======================================================
2021-10-22_15:25====================Medicamento:2- ALTA=====================
2021-10-22_15:25=======================================================
2021-10-22_15:25====================Medicamento:3- ALTA=====================
2021-10-22_15:26=======================================================
2021-10-22_15:26====================Medicamento:4- ALTA=====================
2021-10-22_15:26=======================================================
2021-10-22_15:26====================Medicamento:5- ALTA=====================
2021-10-22_15:26=======================================================
2021-10-22_15:26====================Medicamento:6- ALTA=====================
2021-10-22_15:27=======================================================
2021-10-22_15:27====================Medicamento:7- ALTA=====================
2021-10-22_15:29=======================================================
2021-10-22_15:29====================Medicamento:8- ALTA=====================
2021-10-22_15:57=======================================================
2021-10-22_15:57====================Inicio Sesion=====================
2021-10-22_16:0=======================================================
2021-10-22_16:0====================Medicamento:8- Modificacion=====================
2021-10-22_16:7=======================================================
2021-10-22_16:7====================Inicio Sesion=====================
2021-10-22_16:8=======================================================
2021-10-22_16:8====================Cierre Sesion=====================
